01:53:14: Creating resource group General
01:53:14: Creating resource group Internal
01:53:14: Creating resource group Autodetect
01:53:14: SceneManagerFactory for type 'DefaultSceneManager' registered.
01:53:14: Registering ResourceManager for type Material
01:53:14: Registering ResourceManager for type Mesh
01:53:14: Registering ResourceManager for type Skeleton
01:53:14: MovableObjectFactory for type 'ParticleSystem' registered.
01:53:14: OverlayElementFactory for type Panel registered.
01:53:14: OverlayElementFactory for type BorderPanel registered.
01:53:14: OverlayElementFactory for type TextArea registered.
01:53:14: Registering ResourceManager for type Font
01:53:14: ArchiveFactory for archive type FileSystem registered.
01:53:14: ArchiveFactory for archive type Zip registered.
01:53:14: DDS codec registering
01:53:14: FreeImage version: 3.13.1
01:53:14: This program uses FreeImage, a free, open source image library supporting all common bitmap formats. See http://freeimage.sourceforge.net for details
01:53:14: Supported formats: bmp,ico,jpg,jif,jpeg,jpe,jng,koa,iff,lbm,mng,pbm,pbm,pcd,pcx,pgm,pgm,png,ppm,ppm,ras,tga,targa,tif,tiff,wap,wbmp,wbm,psd,cut,xbm,xpm,gif,hdr,g3,sgi,exr,j2k,j2c,jp2,pfm,pct,pict,pic,bay,bmq,cr2,crw,cs1,dc2,dcr,dng,erf,fff,hdr,k25,kdc,mdc,mos,mrw,nef,orf,pef,pxn,raf,raw,rdc,sr2,srf,arw,3fr,cine,ia,kc2,mef,nrw,qtk,rw2,sti,drf,dsc,ptx,cap,iiq,rwz
01:53:14: PVRTC codec registering
01:53:14: Registering ResourceManager for type HighLevelGpuProgram
01:53:14: Registering ResourceManager for type Compositor
01:53:14: MovableObjectFactory for type 'Entity' registered.
01:53:14: MovableObjectFactory for type 'Light' registered.
01:53:14: MovableObjectFactory for type 'BillboardSet' registered.
01:53:14: MovableObjectFactory for type 'ManualObject' registered.
01:53:14: MovableObjectFactory for type 'BillboardChain' registered.
01:53:14: MovableObjectFactory for type 'RibbonTrail' registered.
01:53:14: Loading library .\RenderSystem_Direct3D9
01:53:14: Installing plugin: D3D9 RenderSystem
01:53:14: D3D9 : Direct3D9 Rendering Subsystem created.
01:53:14: D3D9: Driver Detection Starts
01:53:14: D3D9: Driver Detection Ends
01:53:14: Plugin successfully installed
01:53:14: Loading library .\RenderSystem_GL
01:53:14: Installing plugin: GL RenderSystem
01:53:14: OpenGL Rendering Subsystem created.
01:53:14: Plugin successfully installed
01:53:14: Loading library .\Plugin_ParticleFX
01:53:14: Installing plugin: ParticleFX
01:53:14: Particle Emitter Type 'Point' registered
01:53:14: Particle Emitter Type 'Box' registered
01:53:14: Particle Emitter Type 'Ellipsoid' registered
01:53:14: Particle Emitter Type 'Cylinder' registered
01:53:14: Particle Emitter Type 'Ring' registered
01:53:14: Particle Emitter Type 'HollowEllipsoid' registered
01:53:14: Particle Affector Type 'LinearForce' registered
01:53:14: Particle Affector Type 'ColourFader' registered
01:53:14: Particle Affector Type 'ColourFader2' registered
01:53:14: Particle Affector Type 'ColourImage' registered
01:53:14: Particle Affector Type 'ColourInterpolator' registered
01:53:14: Particle Affector Type 'Scaler' registered
01:53:14: Particle Affector Type 'Rotator' registered
01:53:14: Particle Affector Type 'DirectionRandomiser' registered
01:53:14: Particle Affector Type 'DeflectorPlane' registered
01:53:14: Plugin successfully installed
01:53:14: Loading library .\Plugin_BSPSceneManager
01:53:14: Installing plugin: BSP Scene Manager
01:53:14: Plugin successfully installed
01:53:14: Loading library .\Plugin_OctreeSceneManager
01:53:14: Installing plugin: Octree & Terrain Scene Manager
01:53:14: Plugin successfully installed
01:53:14: Loading library .\Plugin_CgProgramManager
01:53:14: Installing plugin: Cg Program Manager
01:53:14: Plugin successfully installed
01:53:14: *-*-* OGRE Initialising
01:53:14: *-*-* Version 1.7.1 (Cthugha)
01:53:14: Creating resource group Bootstrap
01:53:14: Added resource location '../../Media/packs/OgreCore.zip' of type 'Zip' to resource group 'Bootstrap'
01:53:14: Added resource location '../../Media' of type 'FileSystem' to resource group 'General'
01:53:14: Added resource location '../../Media/fonts' of type 'FileSystem' to resource group 'General'
01:53:14: Added resource location '../../Media/materials/programs' of type 'FileSystem' to resource group 'General'
01:53:14: Added resource location '../../Media/materials/scripts' of type 'FileSystem' to resource group 'General'
01:53:14: Added resource location '../../Media/materials/textures' of type 'FileSystem' to resource group 'General'
01:53:14: Added resource location '../../Media/models' of type 'FileSystem' to resource group 'General'
01:53:14: Added resource location '../../Media/overlays' of type 'FileSystem' to resource group 'General'
01:53:14: Added resource location '../../Media/particle' of type 'FileSystem' to resource group 'General'
01:53:14: Added resource location '../../Media/gui' of type 'FileSystem' to resource group 'General'
01:53:14: Added resource location '../../Media/DeferredShadingMedia' of type 'FileSystem' to resource group 'General'
01:53:14: Added resource location '../../Media/packs/cubemap.zip' of type 'Zip' to resource group 'General'
01:53:14: Added resource location '../../Media/packs/cubemapsJS.zip' of type 'Zip' to resource group 'General'
01:53:14: Added resource location '../../Media/packs/dragon.zip' of type 'Zip' to resource group 'General'
01:53:14: Added resource location '../../Media/packs/fresneldemo.zip' of type 'Zip' to resource group 'General'
01:53:14: Added resource location '../../Media/packs/ogretestmap.zip' of type 'Zip' to resource group 'General'
01:53:14: Added resource location '../../Media/packs/skybox.zip' of type 'Zip' to resource group 'General'
01:53:14: D3D9 : RenderSystem Option: Full Screen = No
01:53:14: D3D9 : RenderSystem Option: Video Mode = 800 x 600 @ 32-bit colour
01:53:14: CPU Identifier & Features
01:53:14: -------------------------
01:53:14:  *   CPU ID: AuthenticAMD: AMD Athlon(tm) II X3 445 Processor
01:53:14:  *      SSE: yes
01:53:14:  *     SSE2: yes
01:53:14:  *     SSE3: yes
01:53:14:  *      MMX: yes
01:53:14:  *   MMXEXT: yes
01:53:14:  *    3DNOW: yes
01:53:14:  * 3DNOWEXT: yes
01:53:14:  *     CMOV: yes
01:53:14:  *      TSC: yes
01:53:14:  *      FPU: yes
01:53:14:  *      PRO: yes
01:53:14:  *       HT: no
01:53:14: -------------------------
01:53:14: D3D9 : Subsystem Initialising
01:53:14: Registering ResourceManager for type Texture
01:53:14: Registering ResourceManager for type GpuProgram
01:53:14: ***************************************
01:53:14: *** D3D9 : Subsystem Initialised OK ***
01:53:14: ***************************************
01:53:14: D3D9RenderSystem::_createRenderWindow "Main RenderWindow", 800x600 windowed  miscParams: externalWindowHandle=7407360 
01:53:14: D3D9 : Created D3D9 Rendering Window 'Main RenderWindow' : 784x561, 32bpp
01:53:14: D3D9 : WARNING - disabling VSync in windowed mode can cause timing issues at lower frame rates, turn VSync on if you observe this problem.
01:53:14: D3D9: Vertex texture format supported - PF_L8
01:53:14: D3D9: Vertex texture format supported - PF_L16
01:53:14: D3D9: Vertex texture format supported - PF_A8
01:53:14: D3D9: Vertex texture format supported - PF_A4L4
01:53:14: D3D9: Vertex texture format supported - PF_BYTE_LA
01:53:14: D3D9: Vertex texture format supported - PF_R5G6B5
01:53:14: D3D9: Vertex texture format supported - PF_B5G6R5
01:53:14: D3D9: Vertex texture format supported - PF_A4R4G4B4
01:53:14: D3D9: Vertex texture format supported - PF_A1R5G5B5
01:53:14: D3D9: Vertex texture format supported - PF_A8R8G8B8
01:53:14: D3D9: Vertex texture format supported - PF_B8G8R8A8
01:53:14: D3D9: Vertex texture format supported - PF_A2R10G10B10
01:53:14: D3D9: Vertex texture format supported - PF_A2B10G10R10
01:53:14: D3D9: Vertex texture format supported - PF_DXT1
01:53:14: D3D9: Vertex texture format supported - PF_DXT2
01:53:14: D3D9: Vertex texture format supported - PF_DXT3
01:53:14: D3D9: Vertex texture format supported - PF_DXT4
01:53:14: D3D9: Vertex texture format supported - PF_DXT5
01:53:14: D3D9: Vertex texture format supported - PF_FLOAT16_RGB
01:53:14: D3D9: Vertex texture format supported - PF_FLOAT16_RGBA
01:53:14: D3D9: Vertex texture format supported - PF_FLOAT32_RGB
01:53:14: D3D9: Vertex texture format supported - PF_FLOAT32_RGBA
01:53:14: D3D9: Vertex texture format supported - PF_X8R8G8B8
01:53:14: D3D9: Vertex texture format supported - PF_X8B8G8R8
01:53:14: D3D9: Vertex texture format supported - PF_R8G8B8A8
01:53:14: D3D9: Vertex texture format supported - PF_DEPTH
01:53:14: D3D9: Vertex texture format supported - PF_SHORT_RGBA
01:53:14: D3D9: Vertex texture format supported - PF_FLOAT16_R
01:53:14: D3D9: Vertex texture format supported - PF_FLOAT32_R
01:53:14: D3D9: Vertex texture format supported - PF_SHORT_GR
01:53:14: D3D9: Vertex texture format supported - PF_FLOAT16_GR
01:53:14: D3D9: Vertex texture format supported - PF_FLOAT32_GR
01:53:14: D3D9: Vertex texture format supported - PF_SHORT_RGB
01:53:14: D3D9: Vertex texture format supported - PF_PVRTC_RGB2
01:53:14: D3D9: Vertex texture format supported - PF_PVRTC_RGBA2
01:53:14: D3D9: Vertex texture format supported - PF_PVRTC_RGB4
01:53:14: D3D9: Vertex texture format supported - PF_PVRTC_RGBA4
01:53:14: RenderSystem capabilities
01:53:14: -------------------------
01:53:14: RenderSystem Name: Direct3D9 Rendering Subsystem
01:53:14: GPU Vendor: ati
01:53:14: Device Name: Monitor-1-AMD Radeon HD 5700 Series
01:53:14: Driver Version: 8.17.10.1230
01:53:14:  * Fixed function pipeline: yes
01:53:14:  * Hardware generation of mipmaps: yes
01:53:14:  * Texture blending: yes
01:53:14:  * Anisotropic texture filtering: yes
01:53:14:  * Dot product texture operation: yes
01:53:14:  * Cube mapping: yes
01:53:14:  * Hardware stencil buffer: yes
01:53:14:    - Stencil depth: 8
01:53:14:    - Two sided stencil support: yes
01:53:14:    - Wrap stencil values: yes
01:53:14:  * Hardware vertex / index buffers: yes
01:53:14:  * Vertex programs: yes
01:53:14:  * Number of floating-point constants for vertex programs: 256
01:53:14:  * Number of integer constants for vertex programs: 16
01:53:14:  * Number of boolean constants for vertex programs: 16
01:53:14:  * Fragment programs: yes
01:53:14:  * Number of floating-point constants for fragment programs: 224
01:53:14:  * Number of integer constants for fragment programs: 16
01:53:14:  * Number of boolean constants for fragment programs: 16
01:53:14:  * Geometry programs: no
01:53:14:  * Number of floating-point constants for geometry programs: 0
01:53:14:  * Number of integer constants for geometry programs: 0
01:53:14:  * Number of boolean constants for geometry programs: 0
01:53:14:  * Supported Shader Profiles: hlsl ps_1_1 ps_1_2 ps_1_3 ps_1_4 ps_2_0 ps_2_a ps_2_b ps_2_x ps_3_0 vs_1_1 vs_2_0 vs_2_a vs_2_x vs_3_0
01:53:14:  * Texture Compression: yes
01:53:14:    - DXT: yes
01:53:14:    - VTC: no
01:53:14:    - PVRTC: no
01:53:14:  * Scissor Rectangle: yes
01:53:14:  * Hardware Occlusion Query: yes
01:53:14:  * User clip planes: yes
01:53:14:  * VET_UBYTE4 vertex element type: yes
01:53:14:  * Infinite far plane projection: yes
01:53:14:  * Hardware render-to-texture: yes
01:53:14:  * Floating point textures: yes
01:53:14:  * Non-power-of-two textures: yes
01:53:14:  * Volume textures: yes
01:53:14:  * Multiple Render Targets: 4
01:53:14:    - With different bit depths: yes
01:53:14:  * Point Sprites: yes
01:53:14:  * Extended point parameters: yes
01:53:14:  * Max Point Size: 10
01:53:14:  * Vertex texture fetch: yes
01:53:14:  * Number of world matrices: 0
01:53:14:  * Number of texture units: 8
01:53:14:  * Stencil buffer depth: 8
01:53:14:  * Number of vertex blend matrices: 0
01:53:14:    - Max vertex textures: 4
01:53:14:    - Vertex textures shared: no
01:53:14:  * Render to Vertex Buffer : no
01:53:14:  * DirectX per stage constants: yes
01:53:14: DefaultWorkQueue('Root') initialising on thread main.
01:53:14: Particle Renderer Type 'billboard' registered
01:53:14: SceneManagerFactory for type 'BspSceneManager' registered.
01:53:14: Registering ResourceManager for type BspLevel
01:53:14: SceneManagerFactory for type 'OctreeSceneManager' registered.
01:53:14: SceneManagerFactory for type 'TerrainSceneManager' registered.
01:53:14: Parsing scripts for resource group Autodetect
01:53:14: Finished parsing scripts for resource group Autodetect
01:53:14: Parsing scripts for resource group Bootstrap
01:53:14: Parsing script OgreCore.material
01:53:14: Parsing script OgreProfiler.material
01:53:14: Parsing script Ogre.fontdef
01:53:14: Parsing script OgreDebugPanel.overlay
01:53:14: Texture: New_Ogre_Border_Center.png: Loading 1 faces(PF_A8R8G8B8,256x128x1) with  hardware generated mipmaps from Image. Internal format is PF_A8R8G8B8,256x128x1.
01:53:14: Texture: New_Ogre_Border.png: Loading 1 faces(PF_A8R8G8B8,256x256x1) with  hardware generated mipmaps from Image. Internal format is PF_A8R8G8B8,256x256x1.
01:53:14: Texture: New_Ogre_Border_Break.png: Loading 1 faces(PF_A8R8G8B8,32x32x1) with  hardware generated mipmaps from Image. Internal format is PF_A8R8G8B8,32x32x1.
01:53:14: Texture: ogretext.png: Loading 1 faces(PF_A8R8G8B8,256x128x1) with  hardware generated mipmaps from Image. Internal format is PF_A8R8G8B8,256x128x1.
01:53:14: Parsing script OgreLoadingPanel.overlay
01:53:15: Finished parsing scripts for resource group Bootstrap
01:53:15: Parsing scripts for resource group General
01:53:15: Parsing script Examples.program
01:53:15: Parsing script StdQuad_vp.program
01:53:15: Parsing script deferred.glsl.program
01:53:15: Parsing script deferred.hlsl.program
01:53:15: Parsing script deferred_post_debug.glsl.program
01:53:15: Parsing script deferred_post_debug.hlsl.program
01:53:15: Parsing script deferred_post_minilight.glsl.program
01:53:15: Parsing script deferred_post_minilight.hlsl.program
01:53:15: OGRE EXCEPTION(2:InvalidParametersException): Parameter called lightSpecularColor does not exist.  in GpuProgramParameters::_findNamedConstantDefinition at ..\..\ogre\OgreMain\src\OgreGpuProgramParams.cpp (line 1433)
01:53:15: Compiler error: invalid parameters in deferred_post_minilight.hlsl.program(26): setting of constant failed
01:53:15: Parsing script deferred_post_multipass.glsl.program
01:53:15: Parsing script deferred_post_multipass.hlsl.program
01:53:15: Parsing script deferred_post_onepass.glsl.program
01:53:15: Parsing script deferred_post_onepass.hlsl.program
01:53:15: Parsing script BlackAndWhite.material
01:53:15: Parsing script Bloom.material
01:53:15: Parsing script DepthShadowmap.material
01:53:15: Parsing script DOF.material
01:53:15: Compiler error: object name expected in DOF.material(55)
01:53:15: Parsing script Embossed.material
01:53:15: Parsing script Example-DynTex.material
01:53:15: Parsing script Example-Water.material
01:53:15: Parsing script Example.material
01:53:15: Parsing script Examples-Advanced.material
01:53:15: Compiler error: number expected in Examples-Advanced.material(679): incorrect float constant declaration
01:53:15: Parsing script facial.material
01:53:15: Parsing script Glass.material
01:53:15: Parsing script hdr.material
01:53:15: Parsing script HeatVision.material
01:53:15: Parsing script Hurt.material
01:53:15: Parsing script instancing.material
01:53:15: Parsing script Invert.material
01:53:15: Parsing script Laplace.material
01:53:15: Parsing script MotionBlur.material
01:53:15: Parsing script Ocean.material
01:53:15: Parsing script OffsetMapping.material
01:53:16: Parsing script Ogre.material
01:53:16: Parsing script OgreNewt_Example.material
01:53:16: Parsing script OldMovie.material
01:53:16: Parsing script OldTV.material
01:53:16: Parsing script Posterize.material
01:53:16: Parsing script ProjetMogre.material
01:53:16: Parsing script RZR-002.material
01:53:16: Parsing script SharpenEdges.material
01:53:16: Parsing script smoke.material
01:53:16: Parsing script Tiling.material
01:53:16: Parsing script VarianceShadowmap.material
01:53:16: Parsing script deferred.material
01:53:16: Parsing script deferreddemo.material
01:53:16: Compiler error: unknown error in deferreddemo.material(22): base object named "DeferredShading/Material/TexturedPhong" not found in script definition
01:53:16: Compiler error: unknown error in deferreddemo.material(47): base object named "DeferredShading/Material/TexturedNormalMapped" not found in script definition
01:53:16: Compiler error: unknown error in deferreddemo.material(81): base object named "DeferredShading/Material/UntexturedNormalMapped" not found in script definition
01:53:16: Compiler error: unknown error in deferreddemo.material(114): base object named "DeferredShading/Material/TexturedPhong" not found in script definition
01:53:16: Compiler error: unknown error in deferreddemo.material(141): base object named "DeferredShading/Material/UntexturedPhong" not found in script definition
01:53:16: Compiler error: unknown error in deferreddemo.material(166): base object named "DeferredShading/Material/TexturedPhong" not found in script definition
01:53:16: Compiler error: unknown error in deferreddemo.material(197): base object named "DeferredShading/Material/TexturedPhong" not found in script definition
01:53:16: Compiler error: object name expected in deferreddemo.material(91)
01:53:16: Compiler error: object name expected in deferreddemo.material(105)
01:53:16: Compiler error: object name expected in deferreddemo.material(147)
01:53:16: Compiler error: object name expected in deferreddemo.material(158)
01:53:16: Compiler error: object name expected in deferreddemo.material(172)
01:53:16: Compiler error: object name expected in deferreddemo.material(186)
01:53:16: Compiler error: object name expected in deferreddemo.material(203)
01:53:16: Compiler error: object name expected in deferreddemo.material(217)
01:53:16: Parsing script deferred_post_debug.material
01:53:16: Parsing script deferred_post_minilight.material
01:53:16: Parsing script deferred_post_multipass.material
01:53:16: Parsing script deferred_post_onepass.material
01:53:16: Parsing script RomanBath.material
01:53:16: Parsing script emitted_emitter.particle
01:53:16: Parsing script Example-Water.particle
01:53:16: Parsing script Example.particle
01:53:16: Parsing script smoke.particle
01:53:16: Parsing script Examples.compositor
01:53:16: Parsing script sample.fontdef
01:53:16: Parsing script Compositor.overlay
01:53:16: Parsing script DP3.overlay
01:53:16: Parsing script Example-CubeMapping.overlay
01:53:16: Parsing script Example-DynTex.overlay
01:53:16: Parsing script Example-Water.overlay
01:53:16: Parsing script Shadows.overlay
01:53:16: Finished parsing scripts for resource group General
01:53:16: Parsing scripts for resource group Internal
01:53:16: Finished parsing scripts for resource group Internal
01:53:16: TerrainSceneManager: Registered a new PageSource for type Heightmap
01:53:16: Texture: clouds.jpg: Loading 1 faces(PF_R8G8B8,256x256x1) with  hardware generated mipmaps from Image. Internal format is PF_X8R8G8B8,256x256x1.
01:53:16: Texture: grass_texture238.jpg: Loading 1 faces(PF_R8G8B8,2048x2048x1) with  hardware generated mipmaps from Image. Internal format is PF_X8R8G8B8,2048x2048x1.
01:53:16: Mesh: Loading robot.mesh.
01:53:16: Skeleton: Loading robot.skeleton
01:53:16: WARNING: robot.mesh is an older format ([MeshSerializer_v1.40]); you should upgrade it as soon as possible using the OgreMeshUpgrade tool.
01:53:16: Texture: r2skin.jpg: Loading 1 faces(PF_R8G8B8,512x512x1) with  hardware generated mipmaps from Image. Internal format is PF_X8R8G8B8,512x512x1.
01:53:16: Mesh: Loading ogrehead.mesh.
01:53:16: WARNING: ogrehead.mesh is an older format ([MeshSerializer_v1.40]); you should upgrade it as soon as possible using the OgreMeshUpgrade tool.
01:53:16: Texture: WeirdEye.png: Loading 1 faces(PF_R8G8B8,256x256x1) with  hardware generated mipmaps from Image. Internal format is PF_X8R8G8B8,256x256x1.
01:53:16: Texture: GreenSkin.jpg: Loading 1 faces(PF_R8G8B8,256x256x1) with  hardware generated mipmaps from Image. Internal format is PF_X8R8G8B8,256x256x1.
01:53:16: Texture: spheremap.png: Loading 1 faces(PF_R8G8B8,256x256x1) with  hardware generated mipmaps from Image. Internal format is PF_X8R8G8B8,256x256x1.
01:53:16: Texture: dirt01.jpg: Loading 1 faces(PF_R8G8B8,96x96x1) with 5 generated mipmaps from Image. Internal format is PF_X8R8G8B8,96x96x1.
01:54:04: DefaultWorkQueue('Root') shutting down on thread main.
01:54:04: Unregistering ResourceManager for type BspLevel
01:54:04: *-*-* OGRE Shutdown
01:54:04: Unregistering ResourceManager for type Compositor
01:54:04: Unregistering ResourceManager for type Font
01:54:04: Unregistering ResourceManager for type Skeleton
01:54:04: Unregistering ResourceManager for type Mesh
01:54:04: Unregistering ResourceManager for type HighLevelGpuProgram
01:54:04: Uninstalling plugin: Cg Program Manager
01:54:04: Plugin successfully uninstalled
01:54:04: Unloading library .\Plugin_CgProgramManager
01:54:04: Uninstalling plugin: Octree & Terrain Scene Manager
01:54:04: Plugin successfully uninstalled
01:54:04: Unloading library .\Plugin_OctreeSceneManager
01:54:04: Uninstalling plugin: BSP Scene Manager
01:54:04: Plugin successfully uninstalled
01:54:04: Unloading library .\Plugin_BSPSceneManager
01:54:04: Uninstalling plugin: ParticleFX
01:54:04: Plugin successfully uninstalled
01:54:04: Unloading library .\Plugin_ParticleFX
01:54:04: Uninstalling plugin: GL RenderSystem
01:54:04: *** Stopping Win32GL Subsystem ***
01:54:04: Plugin successfully uninstalled
01:54:04: Unloading library .\RenderSystem_GL
01:54:04: Uninstalling plugin: D3D9 RenderSystem
01:54:04: D3D9 : Shutting down cleanly.
01:54:04: Unregistering ResourceManager for type Texture
01:54:04: Unregistering ResourceManager for type GpuProgram
01:54:04: D3D9 : Direct3D9 Rendering Subsystem destroyed.
01:54:04: Plugin successfully uninstalled
01:54:04: Unloading library .\RenderSystem_Direct3D9
01:54:04: Unregistering ResourceManager for type Material
